<?xml version="1.0" encoding="UTF-8"?>
<!-- Generated by org.testng.reporters.JUnitXMLReporter -->
<testsuite hostname="sasha-UX303UB" ignored="0" name="Default test" tests="12" failures="0" timestamp="15 Jan 2019 18:47:18 GMT" time="46.024" errors="0">
  <testcase name="googleTest" time="6.92" classname="test.java.com.testautomationguru.container.test.OrderTest"/>
  <testcase name="googleTest" time="3.305" classname="test.java.com.testautomationguru.container.test.OrderTest"/>
  <testcase name="googleTest" time="4.042" classname="test.java.com.testautomationguru.container.test.OrderTest"/>
  <testcase name="googleTest" time="3.733" classname="test.java.com.testautomationguru.container.test.OrderTest"/>
  <testcase name="googleTest" time="3.091" classname="test.java.com.testautomationguru.container.test.OrderTest"/>
  <testcase name="googleTest" time="3.409" classname="test.java.com.testautomationguru.container.test.OrderTest"/>
  <testcase name="googleTest" time="4.117" classname="test.java.com.testautomationguru.container.test.OrderTest"/>
  <testcase name="googleTest" time="2.852" classname="test.java.com.testautomationguru.container.test.OrderTest"/>
  <testcase name="googleTest" time="3.348" classname="test.java.com.testautomationguru.container.test.OrderTest"/>
  <testcase name="googleTest" time="2.717" classname="test.java.com.testautomationguru.container.test.OrderTest"/>
  <testcase name="googleTest" time="3.0" classname="test.java.com.testautomationguru.container.test.OrderTest"/>
  <testcase name="googleTest" time="3.818" classname="test.java.com.testautomationguru.container.test.OrderTest"/>
</testsuite> <!-- Default test -->
