<?xml version="1.0" encoding="UTF-8"?>
<testsuite xmlns:xsi="http://www.w3.org/2001/XMLSchema-instance" xsi:noNamespaceSchemaLocation="https://maven.apache.org/surefire/maven-surefire-plugin/xsd/surefire-test-report.xsd" name="TestSuite" time="11.798" tests="24" errors="0" skipped="23" failures="1">
  <properties>
[...]
</properties>
  <testcase name="setUp" classname="test.java.com.testautomationguru.container.test.BaseTest" time="10.103">
    <failure message="Unable to create new service: GeckoDriverService&#10;Build info: version: &apos;3.141.59&apos;, revision: &apos;e82be7d358&apos;, time: &apos;2018-11-14T08:25:53&apos;&#10;System info: host: &apos;HW0770&apos;, ip: &apos;169.254.18.194&apos;, os.name: &apos;Windows 7&apos;, os.arch: &apos;amd64&apos;, os.version: &apos;6.1&apos;, java.version: &apos;1.8.0_181&apos;&#10;Driver info: driver.version: unknown&#10;Command duration or timeout: 1.41 seconds" type="org.openqa.selenium.SessionNotCreatedException">org.openqa.selenium.SessionNotCreatedException: 
Unable to create new service: GeckoDriverService
Build info: version: '3.141.59', revision: 'e82be7d358', time: '2018-11-14T08:25:53'
System info: host: 'HW0770', ip: '169.254.18.194', os.name: 'Windows 7', os.arch: 'amd64', os.version: '6.1', java.version: '1.8.0_181'
Driver info: driver.version: unknown
Command duration or timeout: 1.41 seconds
	at test.java.com.testautomationguru.container.test.BaseTest.setUp(BaseTest.java:27)
Caused by: org.openqa.selenium.SessionNotCreatedException: 
Unable to create new service: GeckoDriverService
Build info: version: '3.141.59', revision: 'e82be7d358', time: '2018-11-14T08:25:53'
System info: host: 'HW0770', ip: '169.254.18.194', os.name: 'Windows 7', os.arch: 'amd64', os.version: '6.1', java.version: '1.8.0_181'
Driver info: driver.version: unknown
Build info: version: '3.5.2', revision: '10229a9', time: '2017-08-21T17:29:55.15Z'
System info: host: 'HW0770', ip: '169.254.18.194', os.name: 'Windows 7', os.arch: 'amd64', os.version: '6.1', java.version: '1.8.0_181'
Driver info: driver.version: unknown
</failure>
    <system-out><![CDATA[Configuring TestNG with: TestNG60Configurator
]]></system-out>
  </testcase>
  <testcase name="googleTest" classname="test.java.com.testautomationguru.container.test.OrderTest" time="0">
    <skipped message="Unable to create new service: GeckoDriverService&#10;Build info: version: &apos;3.141.59&apos;, revision: &apos;e82be7d358&apos;, time: &apos;2018-11-14T08:25:53&apos;&#10;System info: host: &apos;HW0770&apos;, ip: &apos;169.254.18.194&apos;, os.name: &apos;Windows 7&apos;, os.arch: &apos;amd64&apos;, os.version: &apos;6.1&apos;, java.version: &apos;1.8.0_181&apos;&#10;Driver info: driver.version: unknown&#10;Command duration or timeout: 1.41 seconds"/>
  </testcase>
  <testcase name="googleTest" classname="test.java.com.testautomationguru.container.test.OrderTest" time="0">
    <skipped message="Unable to create new service: GeckoDriverService&#10;Build info: version: &apos;3.141.59&apos;, revision: &apos;e82be7d358&apos;, time: &apos;2018-11-14T08:25:53&apos;&#10;System info: host: &apos;HW0770&apos;, ip: &apos;169.254.18.194&apos;, os.name: &apos;Windows 7&apos;, os.arch: &apos;amd64&apos;, os.version: &apos;6.1&apos;, java.version: &apos;1.8.0_181&apos;&#10;Driver info: driver.version: unknown&#10;Command duration or timeout: 1.41 seconds"/>
  </testcase>
  <testcase name="googleTest" classname="test.java.com.testautomationguru.container.test.OrderTest" time="0">
    <skipped message="Unable to create new service: GeckoDriverService&#10;Build info: version: &apos;3.141.59&apos;, revision: &apos;e82be7d358&apos;, time: &apos;2018-11-14T08:25:53&apos;&#10;System info: host: &apos;HW0770&apos;, ip: &apos;169.254.18.194&apos;, os.name: &apos;Windows 7&apos;, os.arch: &apos;amd64&apos;, os.version: &apos;6.1&apos;, java.version: &apos;1.8.0_181&apos;&#10;Driver info: driver.version: unknown&#10;Command duration or timeout: 1.41 seconds"/>
  </testcase>
  <testcase name="googleTest" classname="test.java.com.testautomationguru.container.test.OrderTest" time="0">
    <skipped message="Unable to create new service: GeckoDriverService&#10;Build info: version: &apos;3.141.59&apos;, revision: &apos;e82be7d358&apos;, time: &apos;2018-11-14T08:25:53&apos;&#10;System info: host: &apos;HW0770&apos;, ip: &apos;169.254.18.194&apos;, os.name: &apos;Windows 7&apos;, os.arch: &apos;amd64&apos;, os.version: &apos;6.1&apos;, java.version: &apos;1.8.0_181&apos;&#10;Driver info: driver.version: unknown&#10;Command duration or timeout: 1.41 seconds"/>
  </testcase>
  <testcase name="googleTest" classname="test.java.com.testautomationguru.container.test.OrderTest" time="0">
    <skipped message="Unable to create new service: GeckoDriverService&#10;Build info: version: &apos;3.141.59&apos;, revision: &apos;e82be7d358&apos;, time: &apos;2018-11-14T08:25:53&apos;&#10;System info: host: &apos;HW0770&apos;, ip: &apos;169.254.18.194&apos;, os.name: &apos;Windows 7&apos;, os.arch: &apos;amd64&apos;, os.version: &apos;6.1&apos;, java.version: &apos;1.8.0_181&apos;&#10;Driver info: driver.version: unknown&#10;Command duration or timeout: 1.41 seconds"/>
  </testcase>
  <testcase name="googleTest" classname="test.java.com.testautomationguru.container.test.OrderTest" time="0">
    <skipped message="Unable to create new service: GeckoDriverService&#10;Build info: version: &apos;3.141.59&apos;, revision: &apos;e82be7d358&apos;, time: &apos;2018-11-14T08:25:53&apos;&#10;System info: host: &apos;HW0770&apos;, ip: &apos;169.254.18.194&apos;, os.name: &apos;Windows 7&apos;, os.arch: &apos;amd64&apos;, os.version: &apos;6.1&apos;, java.version: &apos;1.8.0_181&apos;&#10;Driver info: driver.version: unknown&#10;Command duration or timeout: 1.41 seconds"/>
  </testcase>
  <testcase name="googleTest" classname="test.java.com.testautomationguru.container.test.OrderTest" time="0">
    <skipped message="Unable to create new service: GeckoDriverService&#10;Build info: version: &apos;3.141.59&apos;, revision: &apos;e82be7d358&apos;, time: &apos;2018-11-14T08:25:53&apos;&#10;System info: host: &apos;HW0770&apos;, ip: &apos;169.254.18.194&apos;, os.name: &apos;Windows 7&apos;, os.arch: &apos;amd64&apos;, os.version: &apos;6.1&apos;, java.version: &apos;1.8.0_181&apos;&#10;Driver info: driver.version: unknown&#10;Command duration or timeout: 1.41 seconds"/>
  </testcase>
  <testcase name="googleTest" classname="test.java.com.testautomationguru.container.test.OrderTest" time="0">
    <skipped message="Unable to create new service: GeckoDriverService&#10;Build info: version: &apos;3.141.59&apos;, revision: &apos;e82be7d358&apos;, time: &apos;2018-11-14T08:25:53&apos;&#10;System info: host: &apos;HW0770&apos;, ip: &apos;169.254.18.194&apos;, os.name: &apos;Windows 7&apos;, os.arch: &apos;amd64&apos;, os.version: &apos;6.1&apos;, java.version: &apos;1.8.0_181&apos;&#10;Driver info: driver.version: unknown&#10;Command duration or timeout: 1.41 seconds"/>
  </testcase>
  <testcase name="googleTest" classname="test.java.com.testautomationguru.container.test.OrderTest" time="0">
    <skipped message="Unable to create new service: GeckoDriverService&#10;Build info: version: &apos;3.141.59&apos;, revision: &apos;e82be7d358&apos;, time: &apos;2018-11-14T08:25:53&apos;&#10;System info: host: &apos;HW0770&apos;, ip: &apos;169.254.18.194&apos;, os.name: &apos;Windows 7&apos;, os.arch: &apos;amd64&apos;, os.version: &apos;6.1&apos;, java.version: &apos;1.8.0_181&apos;&#10;Driver info: driver.version: unknown&#10;Command duration or timeout: 1.41 seconds"/>
  </testcase>
  <testcase name="googleTest" classname="test.java.com.testautomationguru.container.test.OrderTest" time="0">
    <skipped message="Unable to create new service: GeckoDriverService&#10;Build info: version: &apos;3.141.59&apos;, revision: &apos;e82be7d358&apos;, time: &apos;2018-11-14T08:25:53&apos;&#10;System info: host: &apos;HW0770&apos;, ip: &apos;169.254.18.194&apos;, os.name: &apos;Windows 7&apos;, os.arch: &apos;amd64&apos;, os.version: &apos;6.1&apos;, java.version: &apos;1.8.0_181&apos;&#10;Driver info: driver.version: unknown&#10;Command duration or timeout: 1.41 seconds"/>
  </testcase>
  <testcase name="googleTest" classname="test.java.com.testautomationguru.container.test.OrderTest" time="0">
    <skipped message="Unable to create new service: GeckoDriverService&#10;Build info: version: &apos;3.141.59&apos;, revision: &apos;e82be7d358&apos;, time: &apos;2018-11-14T08:25:53&apos;&#10;System info: host: &apos;HW0770&apos;, ip: &apos;169.254.18.194&apos;, os.name: &apos;Windows 7&apos;, os.arch: &apos;amd64&apos;, os.version: &apos;6.1&apos;, java.version: &apos;1.8.0_181&apos;&#10;Driver info: driver.version: unknown&#10;Command duration or timeout: 1.41 seconds"/>
  </testcase>
  <testcase name="googleTest" classname="test.java.com.testautomationguru.container.test.OrderTest" time="0">
    <skipped message="Unable to create new service: GeckoDriverService&#10;Build info: version: &apos;3.141.59&apos;, revision: &apos;e82be7d358&apos;, time: &apos;2018-11-14T08:25:53&apos;&#10;System info: host: &apos;HW0770&apos;, ip: &apos;169.254.18.194&apos;, os.name: &apos;Windows 7&apos;, os.arch: &apos;amd64&apos;, os.version: &apos;6.1&apos;, java.version: &apos;1.8.0_181&apos;&#10;Driver info: driver.version: unknown&#10;Command duration or timeout: 1.41 seconds"/>
  </testcase>
  <testcase name="googleTest" classname="test.java.com.testautomationguru.container.test.SearchTest" time="0">
    <skipped message="Unable to create new service: GeckoDriverService&#10;Build info: version: &apos;3.141.59&apos;, revision: &apos;e82be7d358&apos;, time: &apos;2018-11-14T08:25:53&apos;&#10;System info: host: &apos;HW0770&apos;, ip: &apos;169.254.18.194&apos;, os.name: &apos;Windows 7&apos;, os.arch: &apos;amd64&apos;, os.version: &apos;6.1&apos;, java.version: &apos;1.8.0_181&apos;&#10;Driver info: driver.version: unknown&#10;Command duration or timeout: 1.41 seconds"/>
  </testcase>
  <testcase name="googleTest" classname="test.java.com.testautomationguru.container.test.SearchTest" time="0">
    <skipped message="Unable to create new service: GeckoDriverService&#10;Build info: version: &apos;3.141.59&apos;, revision: &apos;e82be7d358&apos;, time: &apos;2018-11-14T08:25:53&apos;&#10;System info: host: &apos;HW0770&apos;, ip: &apos;169.254.18.194&apos;, os.name: &apos;Windows 7&apos;, os.arch: &apos;amd64&apos;, os.version: &apos;6.1&apos;, java.version: &apos;1.8.0_181&apos;&#10;Driver info: driver.version: unknown&#10;Command duration or timeout: 1.41 seconds"/>
  </testcase>
  <testcase name="googleTest" classname="test.java.com.testautomationguru.container.test.SearchTest" time="0">
    <skipped message="Unable to create new service: GeckoDriverService&#10;Build info: version: &apos;3.141.59&apos;, revision: &apos;e82be7d358&apos;, time: &apos;2018-11-14T08:25:53&apos;&#10;System info: host: &apos;HW0770&apos;, ip: &apos;169.254.18.194&apos;, os.name: &apos;Windows 7&apos;, os.arch: &apos;amd64&apos;, os.version: &apos;6.1&apos;, java.version: &apos;1.8.0_181&apos;&#10;Driver info: driver.version: unknown&#10;Command duration or timeout: 1.41 seconds"/>
  </testcase>
  <testcase name="googleTest" classname="test.java.com.testautomationguru.container.test.SearchTest" time="0">
    <skipped message="Unable to create new service: GeckoDriverService&#10;Build info: version: &apos;3.141.59&apos;, revision: &apos;e82be7d358&apos;, time: &apos;2018-11-14T08:25:53&apos;&#10;System info: host: &apos;HW0770&apos;, ip: &apos;169.254.18.194&apos;, os.name: &apos;Windows 7&apos;, os.arch: &apos;amd64&apos;, os.version: &apos;6.1&apos;, java.version: &apos;1.8.0_181&apos;&#10;Driver info: driver.version: unknown&#10;Command duration or timeout: 1.41 seconds"/>
  </testcase>
  <testcase name="googleTest" classname="test.java.com.testautomationguru.container.test.SearchTest" time="0">
    <skipped message="Unable to create new service: GeckoDriverService&#10;Build info: version: &apos;3.141.59&apos;, revision: &apos;e82be7d358&apos;, time: &apos;2018-11-14T08:25:53&apos;&#10;System info: host: &apos;HW0770&apos;, ip: &apos;169.254.18.194&apos;, os.name: &apos;Windows 7&apos;, os.arch: &apos;amd64&apos;, os.version: &apos;6.1&apos;, java.version: &apos;1.8.0_181&apos;&#10;Driver info: driver.version: unknown&#10;Command duration or timeout: 1.41 seconds"/>
  </testcase>
  <testcase name="googleTest" classname="test.java.com.testautomationguru.container.test.SearchTest" time="0">
    <skipped message="Unable to create new service: GeckoDriverService&#10;Build info: version: &apos;3.141.59&apos;, revision: &apos;e82be7d358&apos;, time: &apos;2018-11-14T08:25:53&apos;&#10;System info: host: &apos;HW0770&apos;, ip: &apos;169.254.18.194&apos;, os.name: &apos;Windows 7&apos;, os.arch: &apos;amd64&apos;, os.version: &apos;6.1&apos;, java.version: &apos;1.8.0_181&apos;&#10;Driver info: driver.version: unknown&#10;Command duration or timeout: 1.41 seconds"/>
  </testcase>
  <testcase name="googleTest" classname="test.java.com.testautomationguru.container.test.SearchTest" time="0">
    <skipped message="Unable to create new service: GeckoDriverService&#10;Build info: version: &apos;3.141.59&apos;, revision: &apos;e82be7d358&apos;, time: &apos;2018-11-14T08:25:53&apos;&#10;System info: host: &apos;HW0770&apos;, ip: &apos;169.254.18.194&apos;, os.name: &apos;Windows 7&apos;, os.arch: &apos;amd64&apos;, os.version: &apos;6.1&apos;, java.version: &apos;1.8.0_181&apos;&#10;Driver info: driver.version: unknown&#10;Command duration or timeout: 1.41 seconds"/>
  </testcase>
  <testcase name="googleTest" classname="test.java.com.testautomationguru.container.test.SearchTest" time="0">
    <skipped message="Unable to create new service: GeckoDriverService&#10;Build info: version: &apos;3.141.59&apos;, revision: &apos;e82be7d358&apos;, time: &apos;2018-11-14T08:25:53&apos;&#10;System info: host: &apos;HW0770&apos;, ip: &apos;169.254.18.194&apos;, os.name: &apos;Windows 7&apos;, os.arch: &apos;amd64&apos;, os.version: &apos;6.1&apos;, java.version: &apos;1.8.0_181&apos;&#10;Driver info: driver.version: unknown&#10;Command duration or timeout: 1.41 seconds"/>
  </testcase>
  <testcase name="googleTest" classname="test.java.com.testautomationguru.container.test.SearchTest" time="0">
    <skipped message="Unable to create new service: GeckoDriverService&#10;Build info: version: &apos;3.141.59&apos;, revision: &apos;e82be7d358&apos;, time: &apos;2018-11-14T08:25:53&apos;&#10;System info: host: &apos;HW0770&apos;, ip: &apos;169.254.18.194&apos;, os.name: &apos;Windows 7&apos;, os.arch: &apos;amd64&apos;, os.version: &apos;6.1&apos;, java.version: &apos;1.8.0_181&apos;&#10;Driver info: driver.version: unknown&#10;Command duration or timeout: 1.41 seconds"/>
  </testcase>
  <testcase name="googleTest" classname="test.java.com.testautomationguru.container.test.SearchTest" time="0">
    <skipped message="Unable to create new service: GeckoDriverService&#10;Build info: version: &apos;3.141.59&apos;, revision: &apos;e82be7d358&apos;, time: &apos;2018-11-14T08:25:53&apos;&#10;System info: host: &apos;HW0770&apos;, ip: &apos;169.254.18.194&apos;, os.name: &apos;Windows 7&apos;, os.arch: &apos;amd64&apos;, os.version: &apos;6.1&apos;, java.version: &apos;1.8.0_181&apos;&#10;Driver info: driver.version: unknown&#10;Command duration or timeout: 1.41 seconds"/>
  </testcase>
  <testcase name="tearDown" classname="test.java.com.testautomationguru.container.test.BaseTest" time="0">
    <skipped/>
  </testcase>
</testsuite>