<?xml version="1.0" encoding="UTF-8"?>
<testng-results skipped="0" failed="0" ignored="0" total="6" passed="6">
  <reporter-output>
  </reporter-output>
  <suite name="order-module" duration-ms="26327" started-at="2019-01-15T19:19:19Z" finished-at="2019-01-15T19:19:45Z">
    <groups>
    </groups>
    <test name="order-test" duration-ms="26327" started-at="2019-01-15T19:19:19Z" finished-at="2019-01-15T19:19:45Z">
      <class name="test.java.com.testautomationguru.container.test.OrderTest">
        <test-method status="PASS" signature="setUp()[pri:0, instance:test.java.com.testautomationguru.container.test.OrderTest@73f792cf]" name="setUp" is-config="true" duration-ms="1204" started-at="2019-01-15T20:19:19Z" finished-at="2019-01-15T20:19:20Z">
          <reporter-output>
          </reporter-output>
        </test-method> <!-- setUp -->
        <test-method status="PASS" signature="googleTest(java.lang.String)[pri:0, instance:test.java.com.testautomationguru.container.test.OrderTest@73f792cf]" name="googleTest" duration-ms="7706" started-at="2019-01-15T20:19:20Z" data-provider="category" finished-at="2019-01-15T20:19:28Z">
          <params>
            <param index="0">
              <value>
                <![CDATA[Accessories]]>
              </value>
            </param>
          </params>
          <reporter-output>
          </reporter-output>
        </test-method> <!-- googleTest -->
        <test-method status="PASS" signature="googleTest(java.lang.String)[pri:0, instance:test.java.com.testautomationguru.container.test.OrderTest@73f792cf]" name="googleTest" duration-ms="3039" started-at="2019-01-15T20:19:28Z" data-provider="category" finished-at="2019-01-15T20:19:31Z">
          <params>
            <param index="0">
              <value>
                <![CDATA[iMacs]]>
              </value>
            </param>
          </params>
          <reporter-output>
          </reporter-output>
        </test-method> <!-- googleTest -->
        <test-method status="PASS" signature="googleTest(java.lang.String)[pri:0, instance:test.java.com.testautomationguru.container.test.OrderTest@73f792cf]" name="googleTest" duration-ms="4319" started-at="2019-01-15T20:19:31Z" data-provider="category" finished-at="2019-01-15T20:19:35Z">
          <params>
            <param index="0">
              <value>
                <![CDATA[iPads]]>
              </value>
            </param>
          </params>
          <reporter-output>
          </reporter-output>
        </test-method> <!-- googleTest -->
        <test-method status="PASS" signature="googleTest(java.lang.String)[pri:0, instance:test.java.com.testautomationguru.container.test.OrderTest@73f792cf]" name="googleTest" duration-ms="3478" started-at="2019-01-15T20:19:35Z" data-provider="category" finished-at="2019-01-15T20:19:39Z">
          <params>
            <param index="0">
              <value>
                <![CDATA[iPhones]]>
              </value>
            </param>
          </params>
          <reporter-output>
          </reporter-output>
        </test-method> <!-- googleTest -->
        <test-method status="PASS" signature="googleTest(java.lang.String)[pri:0, instance:test.java.com.testautomationguru.container.test.OrderTest@73f792cf]" name="googleTest" duration-ms="3384" started-at="2019-01-15T20:19:39Z" data-provider="category" finished-at="2019-01-15T20:19:42Z">
          <params>
            <param index="0">
              <value>
                <![CDATA[iPods]]>
              </value>
            </param>
          </params>
          <reporter-output>
          </reporter-output>
        </test-method> <!-- googleTest -->
        <test-method status="PASS" signature="googleTest(java.lang.String)[pri:0, instance:test.java.com.testautomationguru.container.test.OrderTest@73f792cf]" name="googleTest" duration-ms="3108" started-at="2019-01-15T20:19:42Z" data-provider="category" finished-at="2019-01-15T20:19:45Z">
          <params>
            <param index="0">
              <value>
                <![CDATA[MacBooks]]>
              </value>
            </param>
          </params>
          <reporter-output>
          </reporter-output>
        </test-method> <!-- googleTest -->
        <test-method status="PASS" signature="tearDown()[pri:0, instance:test.java.com.testautomationguru.container.test.OrderTest@73f792cf]" name="tearDown" is-config="true" duration-ms="70" started-at="2019-01-15T20:19:45Z" finished-at="2019-01-15T20:19:45Z">
          <reporter-output>
          </reporter-output>
        </test-method> <!-- tearDown -->
      </class> <!-- test.java.com.testautomationguru.container.test.OrderTest -->
    </test> <!-- order-test -->
  </suite> <!-- order-module -->
</testng-results>
